c:\users\devl\source\repos\ioctldump\ioctldump\x64\debug\vc142.pdb
c:\users\devl\source\repos\ioctldump\ioctldump\x64\debug\main.obj
c:\users\devl\source\repos\ioctldump\x64\debug\ioctldump\ioctldump.cat
c:\users\devl\source\repos\ioctldump\ioctldump\x64\debug\vcpkg.applocal.log
c:\users\devl\source\repos\ioctldump\x64\debug\ioctldump.sys
c:\users\devl\source\repos\ioctldump\x64\debug\ioctldump.pdb
c:\users\devl\source\repos\ioctldump\ioctldump\x64\debug\ioctldump.inf
c:\users\devl\source\repos\ioctldump\ioctldump\x64\debug\ioctldump.tlog\cl.command.1.tlog
c:\users\devl\source\repos\ioctldump\ioctldump\x64\debug\ioctldump.tlog\cl.read.1.tlog
c:\users\devl\source\repos\ioctldump\ioctldump\x64\debug\ioctldump.tlog\cl.write.1.tlog
c:\users\devl\source\repos\ioctldump\ioctldump\x64\debug\ioctldump.tlog\inf2cat-expand.10768.read.1.tlog
c:\users\devl\source\repos\ioctldump\ioctldump\x64\debug\ioctldump.tlog\inf2cat-expand.10768.write.1.tlog
c:\users\devl\source\repos\ioctldump\ioctldump\x64\debug\ioctldump.tlog\inf2cat-expand.10976.read.1.tlog
c:\users\devl\source\repos\ioctldump\ioctldump\x64\debug\ioctldump.tlog\inf2cat-expand.10976.write.1.tlog
c:\users\devl\source\repos\ioctldump\ioctldump\x64\debug\ioctldump.tlog\inf2cat-expand.11112.read.1.tlog
c:\users\devl\source\repos\ioctldump\ioctldump\x64\debug\ioctldump.tlog\inf2cat-expand.11112.write.1.tlog
c:\users\devl\source\repos\ioctldump\ioctldump\x64\debug\ioctldump.tlog\inf2cat-expand.11244.read.1.tlog
c:\users\devl\source\repos\ioctldump\ioctldump\x64\debug\ioctldump.tlog\inf2cat-expand.11244.write.1.tlog
c:\users\devl\source\repos\ioctldump\ioctldump\x64\debug\ioctldump.tlog\inf2cat-expand.11920.read.1.tlog
c:\users\devl\source\repos\ioctldump\ioctldump\x64\debug\ioctldump.tlog\inf2cat-expand.11920.write.1.tlog
c:\users\devl\source\repos\ioctldump\ioctldump\x64\debug\ioctldump.tlog\inf2cat-expand.12008.read.1.tlog
c:\users\devl\source\repos\ioctldump\ioctldump\x64\debug\ioctldump.tlog\inf2cat-expand.12008.write.1.tlog
c:\users\devl\source\repos\ioctldump\ioctldump\x64\debug\ioctldump.tlog\inf2cat-expand.1884.read.1.tlog
c:\users\devl\source\repos\ioctldump\ioctldump\x64\debug\ioctldump.tlog\inf2cat-expand.1884.write.1.tlog
c:\users\devl\source\repos\ioctldump\ioctldump\x64\debug\ioctldump.tlog\inf2cat-expand.2324.read.1.tlog
c:\users\devl\source\repos\ioctldump\ioctldump\x64\debug\ioctldump.tlog\inf2cat-expand.2324.write.1.tlog
c:\users\devl\source\repos\ioctldump\ioctldump\x64\debug\ioctldump.tlog\inf2cat-expand.2772.read.1.tlog
c:\users\devl\source\repos\ioctldump\ioctldump\x64\debug\ioctldump.tlog\inf2cat-expand.2772.write.1.tlog
c:\users\devl\source\repos\ioctldump\ioctldump\x64\debug\ioctldump.tlog\inf2cat-expand.4092.read.1.tlog
c:\users\devl\source\repos\ioctldump\ioctldump\x64\debug\ioctldump.tlog\inf2cat-expand.4092.write.1.tlog
c:\users\devl\source\repos\ioctldump\ioctldump\x64\debug\ioctldump.tlog\inf2cat-expand.4680.read.1.tlog
c:\users\devl\source\repos\ioctldump\ioctldump\x64\debug\ioctldump.tlog\inf2cat-expand.4680.write.1.tlog
c:\users\devl\source\repos\ioctldump\ioctldump\x64\debug\ioctldump.tlog\inf2cat-expand.5148.read.1.tlog
c:\users\devl\source\repos\ioctldump\ioctldump\x64\debug\ioctldump.tlog\inf2cat-expand.5148.write.1.tlog
c:\users\devl\source\repos\ioctldump\ioctldump\x64\debug\ioctldump.tlog\inf2cat-expand.5600.read.1.tlog
c:\users\devl\source\repos\ioctldump\ioctldump\x64\debug\ioctldump.tlog\inf2cat-expand.5600.write.1.tlog
c:\users\devl\source\repos\ioctldump\ioctldump\x64\debug\ioctldump.tlog\inf2cat-expand.6172.read.1.tlog
c:\users\devl\source\repos\ioctldump\ioctldump\x64\debug\ioctldump.tlog\inf2cat-expand.6172.write.1.tlog
c:\users\devl\source\repos\ioctldump\ioctldump\x64\debug\ioctldump.tlog\inf2cat-expand.7052.read.1.tlog
c:\users\devl\source\repos\ioctldump\ioctldump\x64\debug\ioctldump.tlog\inf2cat-expand.7052.write.1.tlog
c:\users\devl\source\repos\ioctldump\ioctldump\x64\debug\ioctldump.tlog\inf2cat-expand.7784.read.1.tlog
c:\users\devl\source\repos\ioctldump\ioctldump\x64\debug\ioctldump.tlog\inf2cat-expand.7784.write.1.tlog
c:\users\devl\source\repos\ioctldump\ioctldump\x64\debug\ioctldump.tlog\inf2cat-expand.8444.read.1.tlog
c:\users\devl\source\repos\ioctldump\ioctldump\x64\debug\ioctldump.tlog\inf2cat-expand.8444.write.1.tlog
c:\users\devl\source\repos\ioctldump\ioctldump\x64\debug\ioctldump.tlog\inf2cat-expand.8632.read.1.tlog
c:\users\devl\source\repos\ioctldump\ioctldump\x64\debug\ioctldump.tlog\inf2cat-expand.8632.write.1.tlog
c:\users\devl\source\repos\ioctldump\ioctldump\x64\debug\ioctldump.tlog\inf2cat-expand.8732.read.1.tlog
c:\users\devl\source\repos\ioctldump\ioctldump\x64\debug\ioctldump.tlog\inf2cat-expand.8732.write.1.tlog
c:\users\devl\source\repos\ioctldump\ioctldump\x64\debug\ioctldump.tlog\inf2cat-expand.9064.read.1.tlog
c:\users\devl\source\repos\ioctldump\ioctldump\x64\debug\ioctldump.tlog\inf2cat-expand.9064.write.1.tlog
c:\users\devl\source\repos\ioctldump\ioctldump\x64\debug\ioctldump.tlog\inf2cat-expand.9472.read.1.tlog
c:\users\devl\source\repos\ioctldump\ioctldump\x64\debug\ioctldump.tlog\inf2cat-expand.9472.write.1.tlog
c:\users\devl\source\repos\ioctldump\ioctldump\x64\debug\ioctldump.tlog\inf2cat-expand.9804.read.1.tlog
c:\users\devl\source\repos\ioctldump\ioctldump\x64\debug\ioctldump.tlog\inf2cat-expand.9804.write.1.tlog
c:\users\devl\source\repos\ioctldump\ioctldump\x64\debug\ioctldump.tlog\inf2cat-expand.9880.read.1.tlog
c:\users\devl\source\repos\ioctldump\ioctldump\x64\debug\ioctldump.tlog\inf2cat-expand.9880.write.1.tlog
c:\users\devl\source\repos\ioctldump\ioctldump\x64\debug\ioctldump.tlog\inf2cat-expand.read.1.tlog
c:\users\devl\source\repos\ioctldump\ioctldump\x64\debug\ioctldump.tlog\inf2cat-expand.write.1.tlog
c:\users\devl\source\repos\ioctldump\ioctldump\x64\debug\ioctldump.tlog\inf2cat.command.1.tlog
c:\users\devl\source\repos\ioctldump\ioctldump\x64\debug\ioctldump.tlog\inf2cat.read.1.tlog
c:\users\devl\source\repos\ioctldump\ioctldump\x64\debug\ioctldump.tlog\inf2cat.read.8.tlog
c:\users\devl\source\repos\ioctldump\ioctldump\x64\debug\ioctldump.tlog\inf2cat.write.1.tlog
c:\users\devl\source\repos\ioctldump\ioctldump\x64\debug\ioctldump.tlog\inf2cat.write.8.tlog
c:\users\devl\source\repos\ioctldump\ioctldump\x64\debug\ioctldump.tlog\ioctldump.write.1u.tlog
c:\users\devl\source\repos\ioctldump\ioctldump\x64\debug\ioctldump.tlog\link.command.1.tlog
c:\users\devl\source\repos\ioctldump\ioctldump\x64\debug\ioctldump.tlog\link.delete.1.tlog
c:\users\devl\source\repos\ioctldump\ioctldump\x64\debug\ioctldump.tlog\link.read.1.tlog
c:\users\devl\source\repos\ioctldump\ioctldump\x64\debug\ioctldump.tlog\link.write.1.tlog
c:\users\devl\source\repos\ioctldump\ioctldump\x64\debug\ioctldump.tlog\signtool.command.1.tlog
c:\users\devl\source\repos\ioctldump\ioctldump\x64\debug\ioctldump.tlog\signtool.read.1.tlog
c:\users\devl\source\repos\ioctldump\ioctldump\x64\debug\ioctldump.tlog\signtool.timestamp.1.tlog
c:\users\devl\source\repos\ioctldump\ioctldump\x64\debug\ioctldump.tlog\signtool.write.1.tlog
c:\users\devl\source\repos\ioctldump\ioctldump\x64\debug\ioctldump.tlog\stampinf.command.1.tlog
c:\users\devl\source\repos\ioctldump\ioctldump\x64\debug\ioctldump.tlog\stampinf.read.1.tlog
c:\users\devl\source\repos\ioctldump\ioctldump\x64\debug\ioctldump.tlog\stampinf.write.1.tlog
