c:\users\devl\source\repos\ioctldump\ioctldump\x64\release\vc142.pdb
c:\users\devl\source\repos\ioctldump\ioctldump\x64\release\main.obj
c:\users\devl\source\repos\ioctldump\x64\release\ioctldump\ioctldump.cat
c:\users\devl\source\repos\ioctldump\x64\release\ioctldump.lib
c:\users\devl\source\repos\ioctldump\x64\release\ioctldump.exp
c:\users\devl\source\repos\ioctldump\ioctldump\x64\release\vcpkg.applocal.log
c:\users\devl\source\repos\ioctldump\x64\release\ioctldump.sys
c:\users\devl\source\repos\ioctldump\x64\release\ioctldump.pdb
c:\users\devl\source\repos\ioctldump\ioctldump\x64\release\ioctldump.inf
c:\users\devl\source\repos\ioctldump\x64\release\ioctldump.cer
c:\users\devl\source\repos\ioctldump\x64\release\ioctldump.inf
c:\users\devl\source\repos\ioctldump\ioctldump\x64\release\ioctldump.tlog\cl.command.1.tlog
c:\users\devl\source\repos\ioctldump\ioctldump\x64\release\ioctldump.tlog\cl.read.1.tlog
c:\users\devl\source\repos\ioctldump\ioctldump\x64\release\ioctldump.tlog\cl.write.1.tlog
c:\users\devl\source\repos\ioctldump\ioctldump\x64\release\ioctldump.tlog\inf2cat-expand.12764.read.1.tlog
c:\users\devl\source\repos\ioctldump\ioctldump\x64\release\ioctldump.tlog\inf2cat-expand.12764.write.1.tlog
c:\users\devl\source\repos\ioctldump\ioctldump\x64\release\ioctldump.tlog\inf2cat-expand.5456.read.1.tlog
c:\users\devl\source\repos\ioctldump\ioctldump\x64\release\ioctldump.tlog\inf2cat-expand.5456.write.1.tlog
c:\users\devl\source\repos\ioctldump\ioctldump\x64\release\ioctldump.tlog\inf2cat-expand.5784.read.1.tlog
c:\users\devl\source\repos\ioctldump\ioctldump\x64\release\ioctldump.tlog\inf2cat-expand.5784.write.1.tlog
c:\users\devl\source\repos\ioctldump\ioctldump\x64\release\ioctldump.tlog\inf2cat-expand.7384.read.1.tlog
c:\users\devl\source\repos\ioctldump\ioctldump\x64\release\ioctldump.tlog\inf2cat-expand.7384.write.1.tlog
c:\users\devl\source\repos\ioctldump\ioctldump\x64\release\ioctldump.tlog\inf2cat-expand.8092.read.1.tlog
c:\users\devl\source\repos\ioctldump\ioctldump\x64\release\ioctldump.tlog\inf2cat-expand.8092.write.1.tlog
c:\users\devl\source\repos\ioctldump\ioctldump\x64\release\ioctldump.tlog\inf2cat-expand.read.1.tlog
c:\users\devl\source\repos\ioctldump\ioctldump\x64\release\ioctldump.tlog\inf2cat-expand.write.1.tlog
c:\users\devl\source\repos\ioctldump\ioctldump\x64\release\ioctldump.tlog\inf2cat.command.1.tlog
c:\users\devl\source\repos\ioctldump\ioctldump\x64\release\ioctldump.tlog\inf2cat.read.1.tlog
c:\users\devl\source\repos\ioctldump\ioctldump\x64\release\ioctldump.tlog\inf2cat.write.1.tlog
c:\users\devl\source\repos\ioctldump\ioctldump\x64\release\ioctldump.tlog\inf2cat.write.8.tlog
c:\users\devl\source\repos\ioctldump\ioctldump\x64\release\ioctldump.tlog\ioctldump.write.1u.tlog
c:\users\devl\source\repos\ioctldump\ioctldump\x64\release\ioctldump.tlog\link.command.1.tlog
c:\users\devl\source\repos\ioctldump\ioctldump\x64\release\ioctldump.tlog\link.delete.1.tlog
c:\users\devl\source\repos\ioctldump\ioctldump\x64\release\ioctldump.tlog\link.read.1.tlog
c:\users\devl\source\repos\ioctldump\ioctldump\x64\release\ioctldump.tlog\link.write.1.tlog
c:\users\devl\source\repos\ioctldump\ioctldump\x64\release\ioctldump.tlog\signtool.command.1.tlog
c:\users\devl\source\repos\ioctldump\ioctldump\x64\release\ioctldump.tlog\signtool.read.1.tlog
c:\users\devl\source\repos\ioctldump\ioctldump\x64\release\ioctldump.tlog\signtool.timestamp.1.tlog
c:\users\devl\source\repos\ioctldump\ioctldump\x64\release\ioctldump.tlog\signtool.write.1.tlog
c:\users\devl\source\repos\ioctldump\ioctldump\x64\release\ioctldump.tlog\stampinf.command.1.tlog
c:\users\devl\source\repos\ioctldump\ioctldump\x64\release\ioctldump.tlog\stampinf.read.1.tlog
c:\users\devl\source\repos\ioctldump\ioctldump\x64\release\ioctldump.tlog\stampinf.write.1.tlog
